<?xml version="1.0" encoding="UTF-8"?>
<!-- Generated by org.testng.reporters.JUnitXMLReporter -->
<testsuite ignored="0" hostname="QSP" failures="0" tests="4" name="Test" time="0.232" errors="0" timestamp="2021-10-12T15:43:03 IST">
  <testcase classname="demo.Test0" name="t1" time="0.046"/>
  <testcase classname="demo.Test1" name="t2" time="0.004"/>
  <testcase classname="demo.Test2" name="t3" time="0.009"/>
  <testcase classname="demo.Test3" name="t3" time="0.003"/>
</testsuite> <!-- Test -->
