<?xml version="1.0" encoding="UTF-8"?>
<!-- Generated by org.testng.reporters.JUnitXMLReporter -->
<testsuite ignored="3" hostname="QSP" failures="0" tests="1" name="Test" time="0.168" errors="0" timestamp="2021-10-28T14:55:35 IST">
  <testcase classname="testng.Test0" name="createCustomer" time="0.014"/>
  <testcase classname="testng.Test0" name="createPoject" time="0.0">
    <ignored/>
  </testcase> <!-- createPoject -->
  <testcase classname="testng.Test0" name="deleteProject" time="0.0">
    <ignored/>
  </testcase> <!-- deleteProject -->
  <testcase classname="testng.Test0" name="deleteCustomer" time="0.0">
    <ignored/>
  </testcase> <!-- deleteCustomer -->
</testsuite> <!-- Test -->
