<?xml version="1.0" encoding="UTF-8"?>
<testng-results ignored="0" total="1" passed="1" failed="0" skipped="0">
  <reporter-output>
  </reporter-output>
  <suite started-at="2021-10-22T15:16:40 IST" name="Default suite" finished-at="2021-10-22T15:16:50 IST" duration-ms="10230">
    <groups>
    </groups>
    <test started-at="2021-10-22T15:16:40 IST" name="Default test" finished-at="2021-10-22T15:16:50 IST" duration-ms="10230">
      <class name="webtables.Test4">
        <test-method is-config="true" signature="openApp()[pri:0, instance:webtables.Test4@6497b078]" started-at="2021-10-22T15:16:40 IST" name="openApp" finished-at="2021-10-22T15:16:49 IST" duration-ms="9560" status="PASS">
          <reporter-output>
          </reporter-output>
        </test-method> <!-- openApp -->
        <test-method signature="tc1()[pri:0, instance:webtables.Test4@6497b078]" started-at="2021-10-22T15:16:49 IST" name="tc1" finished-at="2021-10-22T15:16:50 IST" duration-ms="557" status="PASS">
          <reporter-output>
          </reporter-output>
        </test-method> <!-- tc1 -->
        <test-method is-config="true" signature="closeApp()[pri:0, instance:webtables.Test4@6497b078]" started-at="2021-10-22T15:16:50 IST" name="closeApp" finished-at="2021-10-22T15:16:50 IST" duration-ms="1" status="PASS">
          <reporter-output>
          </reporter-output>
        </test-method> <!-- closeApp -->
      </class> <!-- webtables.Test4 -->
    </test> <!-- Default test -->
  </suite> <!-- Default suite -->
</testng-results>
